<?xml version="1.0" encoding="UTF-8"?>
<!-- Generated by org.testng.reporters.JUnitReportReporter -->
<testsuite hostname="APCFSS-DT-088" failures="0" tests="1" name="com.apcfss.tests.HomePageTest" time="46.866" errors="0" timestamp="2025-03-19T18:41:19 IST" skipped="0">
  <testcase classname="com.apcfss.tests.HomePageTest" name="test1" time="46.866"/>
</testsuite> <!-- com.apcfss.tests.HomePageTest -->
