<?xml version="1.0" encoding="UTF-8"?>
<!-- Generated by org.testng.reporters.JUnitReportReporter -->
<testsuite hostname="APCFSS-DT-088" failures="0" tests="1" name="com.apcfss.tests.LoginPageTest" time="47.301" errors="0" timestamp="2025-03-19T18:41:19 IST" skipped="0">
  <testcase classname="com.apcfss.tests.LoginPageTest" name="test1" time="47.301"/>
</testsuite> <!-- com.apcfss.tests.LoginPageTest -->
